[2025-05-17 07:27:02,728]: INFO: __init__: Logging setup complete.]
[2025-05-17 07:27:02,728]: INFO: main: Welcome to our custom logging module!]
[2025-05-19 17:39:38,736]: INFO: __init__: Logging setup complete.]
[2025-05-19 17:39:40,356]: INFO: main: >>>>>>>>>>>>>>>>>> stage Data Ingestion Stage started <<<<<<<<<<<<<<<<]
[2025-05-19 17:39:40,356]: INFO: common: yaml file: config\config.yaml loaded successfully]
[2025-05-19 17:39:40,356]: INFO: common: yaml file: params.yaml loaded successfully]
[2025-05-19 17:39:40,356]: INFO: common: yaml file: schema.yaml loaded successfully]
[2025-05-19 17:39:40,361]: INFO: common: created directory at: ./artifacts]
[2025-05-19 17:39:40,361]: INFO: common: created directory at: ./artifacts/data_ingestion]
[2025-05-19 17:39:41,097]: INFO: data_ingestion: artifacts\data_ingestion\winequality-red.zip download! with following info: Connection: close
Content-Length: 23329
Cache-Control: max-age=300
Content-Security-Policy: default-src 'none'; style-src 'unsafe-inline'; sandbox
Content-Type: application/zip
ETag: "b92befccee872c4886a7387385b914c9a2652ab5bd49787562ef6946c157a90c"
Strict-Transport-Security: max-age=31536000
X-Content-Type-Options: nosniff
X-Frame-Options: deny
X-XSS-Protection: 1; mode=block
X-GitHub-Request-Id: 9294:3BD008:38FB9E:8FD645:682B1BC6
Accept-Ranges: bytes
Date: Mon, 19 May 2025 12:09:41 GMT
Via: 1.1 varnish
X-Served-By: cache-hyd1100034-HYD
X-Cache: HIT
X-Cache-Hits: 0
X-Timer: S1747656581.886366,VS0,VE275
Vary: Authorization,Accept-Encoding,Origin
Access-Control-Allow-Origin: *
Cross-Origin-Resource-Policy: cross-origin
X-Fastly-Request-ID: fe5ca02502714ee972a05091d0f41519484ab916
Expires: Mon, 19 May 2025 12:14:41 GMT
Source-Age: 0

]
[2025-05-19 17:39:41,132]: INFO: data_ingestion: Extracted all the files in artifacts\data_ingestion]
[2025-05-19 17:39:41,132]: INFO: main: >>>>>>>>>>>>>>>>>> stage Data Ingestion Stage completed <<<<<<<<<<<<<<<<]
[2025-05-19 17:54:36,071]: INFO: __init__: Logging setup complete.]
[2025-05-19 17:54:36,461]: INFO: main: >>>>>>>>>>>>>>>>>> stage Data Ingestion Stage started <<<<<<<<<<<<<<<<]
[2025-05-19 17:54:36,461]: INFO: common: yaml file: config\config.yaml loaded successfully]
[2025-05-19 17:54:36,461]: INFO: common: yaml file: params.yaml loaded successfully]
[2025-05-19 17:54:36,461]: INFO: common: yaml file: schema.yaml loaded successfully]
[2025-05-19 17:54:36,461]: INFO: common: created directory at: ./artifacts]
[2025-05-19 17:54:36,476]: INFO: common: created directory at: ./artifacts/data_ingestion]
[2025-05-19 17:54:37,217]: INFO: data_ingestion: artifacts\data_ingestion\winequality-red.zip download! with following info: Connection: close
Content-Length: 23329
Cache-Control: max-age=300
Content-Security-Policy: default-src 'none'; style-src 'unsafe-inline'; sandbox
Content-Type: application/zip
ETag: "b92befccee872c4886a7387385b914c9a2652ab5bd49787562ef6946c157a90c"
Strict-Transport-Security: max-age=31536000
X-Content-Type-Options: nosniff
X-Frame-Options: deny
X-XSS-Protection: 1; mode=block
X-GitHub-Request-Id: 9294:3BD008:38FB9E:8FD645:682B1BC6
Accept-Ranges: bytes
Date: Mon, 19 May 2025 12:24:37 GMT
Via: 1.1 varnish
X-Served-By: cache-hyd1100026-HYD
X-Cache: HIT
X-Cache-Hits: 0
X-Timer: S1747657477.987093,VS0,VE310
Vary: Authorization,Accept-Encoding,Origin
Access-Control-Allow-Origin: *
Cross-Origin-Resource-Policy: cross-origin
X-Fastly-Request-ID: ab5a17bbcad3eed24f2c16979bf83c0f9a994623
Expires: Mon, 19 May 2025 12:29:37 GMT
Source-Age: 0

]
[2025-05-19 17:54:37,249]: INFO: data_ingestion: Extracted all the files in artifacts\data_ingestion]
[2025-05-19 17:54:37,249]: INFO: main: >>>>>>>>>>>>>>>>>> stage Data Ingestion Stage completed <<<<<<<<<<<<<<<<]
[2025-05-19 18:27:10,280]: INFO: __init__: Logging setup complete.]
[2025-05-19 18:56:05,585]: INFO: common: yaml file: config\config.yaml loaded successfully]
[2025-05-19 18:56:05,594]: INFO: common: yaml file: params.yaml loaded successfully]
[2025-05-19 18:56:05,637]: INFO: common: yaml file: schema.yaml loaded successfully]
[2025-05-19 18:56:05,637]: INFO: common: created directory at: ./artifacts]
[2025-05-19 18:56:05,645]: INFO: common: created directory at: artifacts/data_validation]
[2025-05-19 18:56:54,676]: INFO: common: yaml file: config\config.yaml loaded successfully]
[2025-05-19 18:56:54,677]: INFO: common: yaml file: params.yaml loaded successfully]
[2025-05-19 18:56:54,682]: INFO: common: yaml file: schema.yaml loaded successfully]
[2025-05-19 18:56:54,683]: INFO: common: created directory at: ./artifacts]
[2025-05-19 18:56:54,683]: INFO: common: created directory at: artifacts/data_validation]
[2025-05-19 18:57:52,782]: INFO: common: yaml file: config\config.yaml loaded successfully]
[2025-05-19 18:57:52,783]: INFO: common: yaml file: params.yaml loaded successfully]
[2025-05-19 18:57:52,783]: INFO: common: yaml file: schema.yaml loaded successfully]
[2025-05-19 18:57:52,790]: INFO: common: created directory at: ./artifacts]
[2025-05-19 18:57:52,790]: INFO: common: created directory at: artifacts/data_validation]
[2025-05-19 18:59:21,547]: INFO: common: yaml file: config\config.yaml loaded successfully]
[2025-05-19 18:59:21,552]: INFO: common: yaml file: params.yaml loaded successfully]
[2025-05-19 18:59:21,553]: INFO: common: yaml file: schema.yaml loaded successfully]
[2025-05-19 18:59:21,553]: INFO: common: created directory at: ./artifacts]
[2025-05-19 18:59:21,553]: INFO: common: created directory at: artifacts/data_validation]
[2025-05-19 18:59:21,553]: INFO: 1380442175: Validating all columns in the dataset]
[2025-05-19 19:01:07,384]: INFO: common: yaml file: config\config.yaml loaded successfully]
[2025-05-19 19:01:07,384]: INFO: common: yaml file: params.yaml loaded successfully]
[2025-05-19 19:01:07,388]: INFO: common: yaml file: schema.yaml loaded successfully]
[2025-05-19 19:01:07,392]: INFO: common: created directory at: ./artifacts]
[2025-05-19 19:01:07,392]: INFO: common: created directory at: artifacts/data_validation]
[2025-05-19 19:01:07,392]: INFO: 2107705497: Validating all columns in the dataset]
[2025-05-19 22:03:14,545]: INFO: __init__: Logging setup complete.]
[2025-05-19 22:03:18,515]: INFO: main: >>>>>>>>>>>>>>>>>> stage Data Ingestion Stage started <<<<<<<<<<<<<<<<]
[2025-05-19 22:03:18,534]: INFO: common: yaml file: config\config.yaml loaded successfully]
[2025-05-19 22:03:18,555]: INFO: common: yaml file: params.yaml loaded successfully]
[2025-05-19 22:03:18,565]: INFO: common: yaml file: schema.yaml loaded successfully]
[2025-05-19 22:03:18,565]: INFO: common: created directory at: ./artifacts]
[2025-05-19 22:03:18,565]: INFO: common: created directory at: ./artifacts/data_ingestion]
[2025-05-19 22:03:19,415]: INFO: data_ingestion: artifacts\data_ingestion\winequality-red.zip download! with following info: Connection: close
Content-Length: 23329
Cache-Control: max-age=300
Content-Security-Policy: default-src 'none'; style-src 'unsafe-inline'; sandbox
Content-Type: application/zip
ETag: "b92befccee872c4886a7387385b914c9a2652ab5bd49787562ef6946c157a90c"
Strict-Transport-Security: max-age=31536000
X-Content-Type-Options: nosniff
X-Frame-Options: deny
X-XSS-Protection: 1; mode=block
X-GitHub-Request-Id: 3722:307A63:270828:5D653B:682B5D4F
Accept-Ranges: bytes
Date: Mon, 19 May 2025 16:33:20 GMT
Via: 1.1 varnish
X-Served-By: cache-hyd1100021-HYD
X-Cache: MISS
X-Cache-Hits: 0
X-Timer: S1747672400.649433,VS0,VE354
Vary: Authorization,Accept-Encoding,Origin
Access-Control-Allow-Origin: *
Cross-Origin-Resource-Policy: cross-origin
X-Fastly-Request-ID: 37d279bcb9578d2a759d587875bcbf507a640146
Expires: Mon, 19 May 2025 16:38:20 GMT
Source-Age: 0

]
[2025-05-19 22:03:19,451]: INFO: data_ingestion: Extracted all the files in artifacts\data_ingestion]
[2025-05-19 22:03:19,451]: INFO: main: >>>>>>>>>>>>>>>>>> stage Data Ingestion Stage completed <<<<<<<<<<<<<<<<]
[2025-05-19 22:03:19,451]: INFO: main: >>>>>>>>>>>>>>>>>> stage Data Validation Stage started <<<<<<<<<<<<<<<<]
[2025-05-19 22:03:19,455]: INFO: common: yaml file: config\config.yaml loaded successfully]
[2025-05-19 22:03:19,455]: INFO: common: yaml file: params.yaml loaded successfully]
[2025-05-19 22:03:19,455]: INFO: common: yaml file: schema.yaml loaded successfully]
[2025-05-19 22:03:19,455]: INFO: common: created directory at: ./artifacts]
[2025-05-19 22:03:19,455]: INFO: common: created directory at: artifacts/data_validation]
[2025-05-19 22:03:19,455]: INFO: data_validation: Validating all columns in the dataset]
[2025-05-19 22:03:19,492]: INFO: main: >>>>>>>>>>>>>>>>>> stage Data Validation Stage completed <<<<<<<<<<<<<<<<]
[2025-05-20 00:32:11,693]: INFO: __init__: Logging setup complete.]
[2025-05-20 00:32:13,475]: INFO: main: >>>>>>>>>>>>>>>>>> stage Data Ingestion Stage started <<<<<<<<<<<<<<<<]
[2025-05-20 00:32:13,477]: INFO: common: yaml file: config\config.yaml loaded successfully]
[2025-05-20 00:32:13,477]: INFO: common: yaml file: params.yaml loaded successfully]
[2025-05-20 00:32:13,478]: INFO: common: yaml file: schema.yaml loaded successfully]
[2025-05-20 00:32:13,478]: INFO: common: created directory at: ./artifacts]
[2025-05-20 00:32:13,479]: INFO: common: created directory at: ./artifacts/data_ingestion]
[2025-05-20 00:32:13,479]: INFO: data_ingestion: File already exists of size: ~ 23 KB]
[2025-05-20 00:32:13,482]: INFO: data_ingestion: Extracted all the files in artifacts\data_ingestion]
[2025-05-20 00:32:13,482]: INFO: main: >>>>>>>>>>>>>>>>>> stage Data Ingestion Stage completed <<<<<<<<<<<<<<<<]
[2025-05-20 00:32:13,483]: INFO: main: >>>>>>>>>>>>>>>>>> stage Data Validation Stage started <<<<<<<<<<<<<<<<]
[2025-05-20 00:32:13,484]: INFO: common: yaml file: config\config.yaml loaded successfully]
[2025-05-20 00:32:13,485]: INFO: common: yaml file: params.yaml loaded successfully]
[2025-05-20 00:32:13,486]: INFO: common: yaml file: schema.yaml loaded successfully]
[2025-05-20 00:32:13,486]: INFO: common: created directory at: ./artifacts]
[2025-05-20 00:32:13,487]: INFO: common: created directory at: artifacts/data_validation]
[2025-05-20 00:32:13,487]: INFO: data_validation: Validating all columns in the dataset]
[2025-05-20 00:32:13,507]: INFO: main: >>>>>>>>>>>>>>>>>> stage Data Validation Stage completed <<<<<<<<<<<<<<<<]
[2025-05-20 00:32:13,507]: INFO: main: >>>>>>>>>>>>>>>>>> stage Data Transformation Stage started <<<<<<<<<<<<<<<<]
[2025-05-20 00:32:13,508]: INFO: common: yaml file: config\config.yaml loaded successfully]
[2025-05-20 00:32:13,509]: INFO: common: yaml file: params.yaml loaded successfully]
[2025-05-20 00:32:13,510]: INFO: common: yaml file: schema.yaml loaded successfully]
[2025-05-20 00:32:13,510]: INFO: common: created directory at: ./artifacts]
[2025-05-20 00:32:13,511]: INFO: common: created directory at: artifacts/data_transformation]
[2025-05-20 00:32:13,529]: INFO: data_transformation: Splitted data into training and test sets]
[2025-05-20 00:32:13,530]: INFO: data_transformation: (1199, 12)]
[2025-05-20 00:32:13,530]: INFO: data_transformation: (400, 12)]
[2025-05-20 00:32:13,530]: INFO: main: >>>>>>>>>>>>>>>>>> stage Data Transformation Stage completed <<<<<<<<<<<<<<<<]
[2025-05-20 00:35:56,771]: INFO: __init__: Logging setup complete.]
[2025-05-20 00:35:58,447]: INFO: main: >>>>>>>>>>>>>>>>>> stage Data Ingestion Stage started <<<<<<<<<<<<<<<<]
[2025-05-20 00:35:58,451]: INFO: common: yaml file: config\config.yaml loaded successfully]
[2025-05-20 00:35:58,452]: INFO: common: yaml file: params.yaml loaded successfully]
[2025-05-20 00:35:58,455]: INFO: common: yaml file: schema.yaml loaded successfully]
[2025-05-20 00:35:58,455]: INFO: common: created directory at: ./artifacts]
[2025-05-20 00:35:58,456]: INFO: common: created directory at: ./artifacts/data_ingestion]
[2025-05-20 00:35:59,231]: INFO: data_ingestion: artifacts\data_ingestion\winequality-red.zip download! with following info: Connection: close
Content-Length: 23329
Cache-Control: max-age=300
Content-Security-Policy: default-src 'none'; style-src 'unsafe-inline'; sandbox
Content-Type: application/zip
ETag: "b92befccee872c4886a7387385b914c9a2652ab5bd49787562ef6946c157a90c"
Strict-Transport-Security: max-age=31536000
X-Content-Type-Options: nosniff
X-Frame-Options: deny
X-XSS-Protection: 1; mode=block
X-GitHub-Request-Id: DDA3:3BD008:403D98:A0CA7F:682B8117
Accept-Ranges: bytes
Date: Mon, 19 May 2025 19:05:59 GMT
Via: 1.1 varnish
X-Served-By: cache-hyd1100025-HYD
X-Cache: MISS
X-Cache-Hits: 0
X-Timer: S1747681560.655500,VS0,VE295
Vary: Authorization,Accept-Encoding,Origin
Access-Control-Allow-Origin: *
Cross-Origin-Resource-Policy: cross-origin
X-Fastly-Request-ID: f07eb4710edbce2901daba150724244454a114f8
Expires: Mon, 19 May 2025 19:10:59 GMT
Source-Age: 0

]
[2025-05-20 00:35:59,260]: INFO: data_ingestion: Extracted all the files in artifacts\data_ingestion]
[2025-05-20 00:35:59,261]: INFO: main: >>>>>>>>>>>>>>>>>> stage Data Ingestion Stage completed <<<<<<<<<<<<<<<<]
[2025-05-20 00:35:59,261]: INFO: main: >>>>>>>>>>>>>>>>>> stage Data Validation Stage started <<<<<<<<<<<<<<<<]
[2025-05-20 00:35:59,262]: INFO: common: yaml file: config\config.yaml loaded successfully]
[2025-05-20 00:35:59,262]: INFO: common: yaml file: params.yaml loaded successfully]
[2025-05-20 00:35:59,263]: INFO: common: yaml file: schema.yaml loaded successfully]
[2025-05-20 00:35:59,264]: INFO: common: created directory at: ./artifacts]
[2025-05-20 00:35:59,264]: INFO: common: created directory at: artifacts/data_validation]
[2025-05-20 00:35:59,264]: INFO: data_validation: Validating all columns in the dataset]
[2025-05-20 00:35:59,280]: INFO: main: >>>>>>>>>>>>>>>>>> stage Data Validation Stage completed <<<<<<<<<<<<<<<<]
[2025-05-20 00:35:59,280]: INFO: main: >>>>>>>>>>>>>>>>>> stage Data Transformation Stage started <<<<<<<<<<<<<<<<]
[2025-05-20 00:35:59,281]: INFO: common: yaml file: config\config.yaml loaded successfully]
[2025-05-20 00:35:59,282]: INFO: common: yaml file: params.yaml loaded successfully]
[2025-05-20 00:35:59,283]: INFO: common: yaml file: schema.yaml loaded successfully]
[2025-05-20 00:35:59,284]: INFO: common: created directory at: ./artifacts]
[2025-05-20 00:35:59,284]: INFO: common: created directory at: artifacts/data_transformation]
[2025-05-20 00:35:59,302]: INFO: data_transformation: Splitted data into training and test sets]
[2025-05-20 00:35:59,303]: INFO: data_transformation: (1199, 12)]
[2025-05-20 00:35:59,303]: INFO: data_transformation: (400, 12)]
[2025-05-20 00:35:59,303]: INFO: main: >>>>>>>>>>>>>>>>>> stage Data Transformation Stage completed <<<<<<<<<<<<<<<<]
[2025-05-20 01:33:18,020]: INFO: __init__: Logging setup complete.]
[2025-05-20 10:32:43,120]: INFO: __init__: Logging setup complete.]
[2025-05-20 10:54:33,512]: INFO: common: yaml file: config\config.yaml loaded successfully]
[2025-05-20 10:54:33,557]: INFO: common: yaml file: params.yaml loaded successfully]
[2025-05-20 10:54:33,581]: INFO: common: yaml file: schema.yaml loaded successfully]
[2025-05-20 10:54:33,581]: INFO: common: created directory at: ./artifacts]
[2025-05-20 10:54:33,581]: INFO: common: created directory at: artifacts/model_trainer]
[2025-05-20 10:58:56,251]: INFO: common: yaml file: config\config.yaml loaded successfully]
[2025-05-20 10:58:56,251]: INFO: common: yaml file: params.yaml loaded successfully]
[2025-05-20 10:58:56,259]: INFO: common: yaml file: schema.yaml loaded successfully]
[2025-05-20 10:58:56,259]: INFO: common: created directory at: ./artifacts]
[2025-05-20 10:58:56,259]: INFO: common: created directory at: artifacts/model_trainer]
[2025-05-20 10:59:33,946]: INFO: common: yaml file: config\config.yaml loaded successfully]
[2025-05-20 10:59:33,946]: INFO: common: yaml file: params.yaml loaded successfully]
[2025-05-20 10:59:33,954]: INFO: common: yaml file: schema.yaml loaded successfully]
[2025-05-20 10:59:33,954]: INFO: common: created directory at: ./artifacts]
[2025-05-20 10:59:33,954]: INFO: common: created directory at: artifacts/model_trainer]
[2025-05-20 11:00:12,749]: INFO: common: yaml file: config\config.yaml loaded successfully]
[2025-05-20 11:00:12,749]: INFO: common: yaml file: params.yaml loaded successfully]
[2025-05-20 11:00:12,757]: INFO: common: yaml file: schema.yaml loaded successfully]
[2025-05-20 11:00:12,757]: INFO: common: created directory at: ./artifacts]
[2025-05-20 11:00:12,757]: INFO: common: created directory at: artifacts/model_trainer]
[2025-05-20 11:14:43,752]: INFO: __init__: Logging setup complete.]
[2025-05-20 11:14:53,703]: INFO: main: >>>>>>>>>>>>>>>>>> stage Data Ingestion Stage started <<<<<<<<<<<<<<<<]
[2025-05-20 11:14:53,703]: INFO: common: yaml file: config\config.yaml loaded successfully]
[2025-05-20 11:14:53,711]: INFO: common: yaml file: params.yaml loaded successfully]
[2025-05-20 11:14:53,711]: INFO: common: yaml file: schema.yaml loaded successfully]
[2025-05-20 11:14:53,711]: INFO: common: created directory at: ./artifacts]
[2025-05-20 11:14:53,711]: INFO: common: created directory at: ./artifacts/data_ingestion]
[2025-05-20 11:14:54,507]: INFO: data_ingestion: artifacts\data_ingestion\winequality-red.zip download! with following info: Connection: close
Content-Length: 23329
Cache-Control: max-age=300
Content-Security-Policy: default-src 'none'; style-src 'unsafe-inline'; sandbox
Content-Type: application/zip
ETag: "b92befccee872c4886a7387385b914c9a2652ab5bd49787562ef6946c157a90c"
Strict-Transport-Security: max-age=31536000
X-Content-Type-Options: nosniff
X-Frame-Options: deny
X-XSS-Protection: 1; mode=block
X-GitHub-Request-Id: 0B8E:1CC220:352DD8:8B6097:682C16D5
Accept-Ranges: bytes
Date: Tue, 20 May 2025 05:44:55 GMT
Via: 1.1 varnish
X-Served-By: cache-hyd1100026-HYD
X-Cache: MISS
X-Cache-Hits: 0
X-Timer: S1747719895.127035,VS0,VE293
Vary: Authorization,Accept-Encoding,Origin
Access-Control-Allow-Origin: *
Cross-Origin-Resource-Policy: cross-origin
X-Fastly-Request-ID: cc1567255022d7084b6974e5eaf1b785b7061590
Expires: Tue, 20 May 2025 05:49:55 GMT
Source-Age: 0

]
[2025-05-20 11:14:54,540]: INFO: data_ingestion: Extracted all the files in artifacts\data_ingestion]
[2025-05-20 11:14:54,540]: INFO: main: >>>>>>>>>>>>>>>>>> stage Data Ingestion Stage completed <<<<<<<<<<<<<<<<]
[2025-05-20 11:14:54,540]: INFO: main: >>>>>>>>>>>>>>>>>> stage Data Validation Stage started <<<<<<<<<<<<<<<<]
[2025-05-20 11:14:54,540]: INFO: common: yaml file: config\config.yaml loaded successfully]
[2025-05-20 11:14:54,540]: INFO: common: yaml file: params.yaml loaded successfully]
[2025-05-20 11:14:54,548]: INFO: common: yaml file: schema.yaml loaded successfully]
[2025-05-20 11:14:54,548]: INFO: common: created directory at: ./artifacts]
[2025-05-20 11:14:54,548]: INFO: common: created directory at: artifacts/data_validation]
[2025-05-20 11:14:54,548]: INFO: data_validation: Validating all columns in the dataset]
[2025-05-20 11:14:54,573]: INFO: main: >>>>>>>>>>>>>>>>>> stage Data Validation Stage completed <<<<<<<<<<<<<<<<]
[2025-05-20 11:14:54,573]: INFO: main: >>>>>>>>>>>>>>>>>> stage Data Transformation Stage started <<<<<<<<<<<<<<<<]
[2025-05-20 11:14:54,573]: INFO: common: yaml file: config\config.yaml loaded successfully]
[2025-05-20 11:14:54,581]: INFO: common: yaml file: params.yaml loaded successfully]
[2025-05-20 11:14:54,581]: INFO: common: yaml file: schema.yaml loaded successfully]
[2025-05-20 11:14:54,581]: INFO: common: created directory at: ./artifacts]
[2025-05-20 11:14:54,581]: INFO: common: created directory at: artifacts/data_transformation]
[2025-05-20 11:14:54,614]: INFO: data_transformation: Splitted data into training and test sets]
[2025-05-20 11:14:54,614]: INFO: data_transformation: (1199, 12)]
[2025-05-20 11:14:54,614]: INFO: data_transformation: (400, 12)]
[2025-05-20 11:14:54,614]: INFO: main: >>>>>>>>>>>>>>>>>> stage Data Transformation Stage completed <<<<<<<<<<<<<<<<]
[2025-05-20 11:14:54,614]: INFO: main: >>>>>>>>>>>>>>>>>> stage Model Training Stage started <<<<<<<<<<<<<<<<]
[2025-05-20 11:14:54,622]: INFO: common: yaml file: config\config.yaml loaded successfully]
[2025-05-20 11:14:54,623]: INFO: common: yaml file: params.yaml loaded successfully]
[2025-05-20 11:14:54,623]: INFO: common: yaml file: schema.yaml loaded successfully]
[2025-05-20 11:14:54,623]: INFO: common: created directory at: ./artifacts]
[2025-05-20 11:14:54,623]: INFO: common: created directory at: artifacts/model_trainer]
[2025-05-20 11:14:54,673]: INFO: main: >>>>>>>>>>>>>>>>>> stage Model Training Stage completed <<<<<<<<<<<<<<<<]
[2025-05-20 12:04:02,785]: INFO: __init__: Logging setup complete.]
[2025-05-20 21:50:54,062]: INFO: __init__: Logging setup complete.]
[2025-05-20 22:12:38,144]: INFO: common: yaml file: config\config.yaml loaded successfully]
[2025-05-20 22:12:38,148]: INFO: common: yaml file: params.yaml loaded successfully]
[2025-05-20 22:12:38,150]: INFO: common: yaml file: schema.yaml loaded successfully]
[2025-05-20 22:12:38,152]: INFO: common: created directory at: ./artifacts]
[2025-05-20 22:12:38,154]: INFO: common: created directory at: artifacts/model_evaluation]
[2025-05-20 22:12:38,727]: INFO: common: json file saved at: artifacts\model_evaluation\metrics.json]
[2025-05-20 22:14:03,126]: INFO: _client: HTTP Request: GET https://dagshub.com/api/v1/user "HTTP/1.1 200 OK"]
[2025-05-20 22:14:03,135]: INFO: helpers: Accessing as KerithPaul]
[2025-05-20 22:14:03,828]: INFO: _client: HTTP Request: GET https://dagshub.com/api/v1/repos/KerithPaul/End-End_ML_pipeline "HTTP/1.1 200 OK"]
[2025-05-20 22:14:04,415]: INFO: _client: HTTP Request: GET https://dagshub.com/api/v1/user "HTTP/1.1 200 OK"]
[2025-05-20 22:14:04,420]: INFO: helpers: Initialized MLflow to track repo "KerithPaul/End-End_ML_pipeline"]
[2025-05-20 22:14:04,422]: INFO: helpers: Repository KerithPaul/End-End_ML_pipeline initialized!]
[2025-05-20 22:14:22,320]: INFO: common: yaml file: config\config.yaml loaded successfully]
[2025-05-20 22:14:22,323]: INFO: common: yaml file: params.yaml loaded successfully]
[2025-05-20 22:14:22,325]: INFO: common: yaml file: schema.yaml loaded successfully]
[2025-05-20 22:14:22,326]: INFO: common: created directory at: ./artifacts]
[2025-05-20 22:14:22,326]: INFO: common: created directory at: artifacts/model_evaluation]
[2025-05-20 22:14:22,705]: INFO: common: json file saved at: artifacts\model_evaluation\metrics.json]
[2025-05-20 22:17:42,461]: INFO: common: yaml file: config\config.yaml loaded successfully]
[2025-05-20 22:17:42,474]: INFO: common: yaml file: params.yaml loaded successfully]
[2025-05-20 22:17:42,476]: INFO: common: yaml file: schema.yaml loaded successfully]
[2025-05-20 22:17:42,477]: INFO: common: created directory at: ./artifacts]
[2025-05-20 22:17:42,479]: INFO: common: created directory at: artifacts/model_evaluation]
[2025-05-20 22:17:42,875]: INFO: common: json file saved at: artifacts\model_evaluation\metrics.json]
[2025-05-20 22:36:51,729]: INFO: __init__: Logging setup complete.]
[2025-05-20 22:36:56,174]: INFO: main: >>>>>>>>>>>>>>>>>> stage Data Ingestion Stage started <<<<<<<<<<<<<<<<]
[2025-05-20 22:36:56,174]: INFO: common: yaml file: config\config.yaml loaded successfully]
[2025-05-20 22:36:56,183]: INFO: common: yaml file: params.yaml loaded successfully]
[2025-05-20 22:36:56,183]: INFO: common: yaml file: schema.yaml loaded successfully]
[2025-05-20 22:36:56,183]: INFO: common: created directory at: ./artifacts]
[2025-05-20 22:36:56,183]: INFO: common: created directory at: ./artifacts/data_ingestion]
[2025-05-20 22:36:56,910]: INFO: data_ingestion: artifacts\data_ingestion\winequality-red.zip download! with following info: Connection: close
Content-Length: 23329
Cache-Control: max-age=300
Content-Security-Policy: default-src 'none'; style-src 'unsafe-inline'; sandbox
Content-Type: application/zip
ETag: "b92befccee872c4886a7387385b914c9a2652ab5bd49787562ef6946c157a90c"
Strict-Transport-Security: max-age=31536000
X-Content-Type-Options: nosniff
X-Frame-Options: deny
X-XSS-Protection: 1; mode=block
X-GitHub-Request-Id: 686A:51090:578767:D5C22C:682CB6B2
Accept-Ranges: bytes
Date: Tue, 20 May 2025 17:06:58 GMT
Via: 1.1 varnish
X-Served-By: cache-hyd1100029-HYD
X-Cache: MISS
X-Cache-Hits: 0
X-Timer: S1747760818.188382,VS0,VE290
Vary: Authorization,Accept-Encoding,Origin
Access-Control-Allow-Origin: *
Cross-Origin-Resource-Policy: cross-origin
X-Fastly-Request-ID: d10325a10db0d2ef896a6042c934965de8a0f0b3
Expires: Tue, 20 May 2025 17:11:58 GMT
Source-Age: 0

]
[2025-05-20 22:36:56,959]: INFO: data_ingestion: Extracted all the files in artifacts\data_ingestion]
[2025-05-20 22:36:56,959]: INFO: main: >>>>>>>>>>>>>>>>>> stage Data Ingestion Stage completed <<<<<<<<<<<<<<<<]
[2025-05-20 22:36:56,959]: INFO: main: >>>>>>>>>>>>>>>>>> stage Data Validation Stage started <<<<<<<<<<<<<<<<]
[2025-05-20 22:36:56,959]: INFO: common: yaml file: config\config.yaml loaded successfully]
[2025-05-20 22:36:56,959]: INFO: common: yaml file: params.yaml loaded successfully]
[2025-05-20 22:36:56,967]: INFO: common: yaml file: schema.yaml loaded successfully]
[2025-05-20 22:36:56,967]: INFO: common: created directory at: ./artifacts]
[2025-05-20 22:36:56,967]: INFO: common: created directory at: artifacts/data_validation]
[2025-05-20 22:36:56,967]: INFO: data_validation: Validating all columns in the dataset]
[2025-05-20 22:36:56,992]: INFO: main: >>>>>>>>>>>>>>>>>> stage Data Validation Stage completed <<<<<<<<<<<<<<<<]
[2025-05-20 22:36:56,992]: INFO: main: >>>>>>>>>>>>>>>>>> stage Data Transformation Stage started <<<<<<<<<<<<<<<<]
[2025-05-20 22:36:57,000]: INFO: common: yaml file: config\config.yaml loaded successfully]
[2025-05-20 22:36:57,000]: INFO: common: yaml file: params.yaml loaded successfully]
[2025-05-20 22:36:57,000]: INFO: common: yaml file: schema.yaml loaded successfully]
[2025-05-20 22:36:57,008]: INFO: common: created directory at: ./artifacts]
[2025-05-20 22:36:57,008]: INFO: common: created directory at: artifacts/data_transformation]
[2025-05-20 22:36:57,041]: INFO: data_transformation: Splitted data into training and test sets]
[2025-05-20 22:36:57,041]: INFO: data_transformation: (1199, 12)]
[2025-05-20 22:36:57,041]: INFO: data_transformation: (400, 12)]
[2025-05-20 22:36:57,041]: INFO: main: >>>>>>>>>>>>>>>>>> stage Data Transformation Stage completed <<<<<<<<<<<<<<<<]
[2025-05-20 22:36:57,041]: INFO: main: >>>>>>>>>>>>>>>>>> stage Model Training Stage started <<<<<<<<<<<<<<<<]
[2025-05-20 22:36:57,041]: INFO: common: yaml file: config\config.yaml loaded successfully]
[2025-05-20 22:36:57,041]: INFO: common: yaml file: params.yaml loaded successfully]
[2025-05-20 22:36:57,049]: INFO: common: yaml file: schema.yaml loaded successfully]
[2025-05-20 22:36:57,049]: INFO: common: created directory at: ./artifacts]
[2025-05-20 22:36:57,049]: INFO: common: created directory at: artifacts/model_trainer]
[2025-05-20 22:36:57,098]: INFO: main: >>>>>>>>>>>>>>>>>> stage Model Training Stage completed <<<<<<<<<<<<<<<<]
[2025-05-20 22:36:57,098]: INFO: main: >>>>>>>>>>>>>>>>>> stage Model Evaluation Stage started <<<<<<<<<<<<<<<<]
[2025-05-20 22:36:57,098]: INFO: common: yaml file: config\config.yaml loaded successfully]
[2025-05-20 22:36:57,098]: INFO: common: yaml file: params.yaml loaded successfully]
[2025-05-20 22:36:57,098]: INFO: common: yaml file: schema.yaml loaded successfully]
[2025-05-20 22:36:57,106]: INFO: common: created directory at: ./artifacts]
[2025-05-20 22:36:57,106]: INFO: common: created directory at: artifacts/model_evaluation]
[2025-05-20 22:36:57,106]: ERROR: main: 'ModelEvaluation' object has no attribute 'train']
Traceback (most recent call last):
  File "K:\Environments\End-End_ML_pipeline\main.py", line 66, in <module>
    obj.main()
  File "K:\Environments\End-End_ML_pipeline\src\DS_Ops\pipeline\stage_05_model_evaluation.py", line 19, in main
    model_evaluation_config.train()
    ^^^^^^^^^^^^^^^^^^^^^^^^^^^^^
AttributeError: 'ModelEvaluation' object has no attribute 'train'
[2025-05-20 22:37:45,634]: INFO: __init__: Logging setup complete.]
[2025-05-20 22:37:49,708]: INFO: main: >>>>>>>>>>>>>>>>>> stage Data Ingestion Stage started <<<<<<<<<<<<<<<<]
[2025-05-20 22:37:49,717]: INFO: common: yaml file: config\config.yaml loaded successfully]
[2025-05-20 22:37:49,717]: INFO: common: yaml file: params.yaml loaded successfully]
[2025-05-20 22:37:49,717]: INFO: common: yaml file: schema.yaml loaded successfully]
[2025-05-20 22:37:49,717]: INFO: common: created directory at: ./artifacts]
[2025-05-20 22:37:49,717]: INFO: common: created directory at: ./artifacts/data_ingestion]
[2025-05-20 22:37:49,717]: INFO: data_ingestion: File already exists of size: ~ 23 KB]
[2025-05-20 22:37:49,725]: INFO: data_ingestion: Extracted all the files in artifacts\data_ingestion]
[2025-05-20 22:37:49,725]: INFO: main: >>>>>>>>>>>>>>>>>> stage Data Ingestion Stage completed <<<<<<<<<<<<<<<<]
[2025-05-20 22:37:49,725]: INFO: main: >>>>>>>>>>>>>>>>>> stage Data Validation Stage started <<<<<<<<<<<<<<<<]
[2025-05-20 22:37:49,725]: INFO: common: yaml file: config\config.yaml loaded successfully]
[2025-05-20 22:37:49,725]: INFO: common: yaml file: params.yaml loaded successfully]
[2025-05-20 22:37:49,725]: INFO: common: yaml file: schema.yaml loaded successfully]
[2025-05-20 22:37:49,725]: INFO: common: created directory at: ./artifacts]
[2025-05-20 22:37:49,733]: INFO: common: created directory at: artifacts/data_validation]
[2025-05-20 22:37:49,733]: INFO: data_validation: Validating all columns in the dataset]
[2025-05-20 22:37:49,757]: INFO: main: >>>>>>>>>>>>>>>>>> stage Data Validation Stage completed <<<<<<<<<<<<<<<<]
[2025-05-20 22:37:49,757]: INFO: main: >>>>>>>>>>>>>>>>>> stage Data Transformation Stage started <<<<<<<<<<<<<<<<]
[2025-05-20 22:37:49,757]: INFO: common: yaml file: config\config.yaml loaded successfully]
[2025-05-20 22:37:49,766]: INFO: common: yaml file: params.yaml loaded successfully]
[2025-05-20 22:37:49,766]: INFO: common: yaml file: schema.yaml loaded successfully]
[2025-05-20 22:37:49,766]: INFO: common: created directory at: ./artifacts]
[2025-05-20 22:37:49,766]: INFO: common: created directory at: artifacts/data_transformation]
[2025-05-20 22:37:49,799]: INFO: data_transformation: Splitted data into training and test sets]
[2025-05-20 22:37:49,799]: INFO: data_transformation: (1199, 12)]
[2025-05-20 22:37:49,799]: INFO: data_transformation: (400, 12)]
[2025-05-20 22:37:49,799]: INFO: main: >>>>>>>>>>>>>>>>>> stage Data Transformation Stage completed <<<<<<<<<<<<<<<<]
[2025-05-20 22:37:49,799]: INFO: main: >>>>>>>>>>>>>>>>>> stage Model Training Stage started <<<<<<<<<<<<<<<<]
[2025-05-20 22:37:49,808]: INFO: common: yaml file: config\config.yaml loaded successfully]
[2025-05-20 22:37:49,808]: INFO: common: yaml file: params.yaml loaded successfully]
[2025-05-20 22:37:49,808]: INFO: common: yaml file: schema.yaml loaded successfully]
[2025-05-20 22:37:49,808]: INFO: common: created directory at: ./artifacts]
[2025-05-20 22:37:49,808]: INFO: common: created directory at: artifacts/model_trainer]
[2025-05-20 22:37:49,865]: INFO: main: >>>>>>>>>>>>>>>>>> stage Model Training Stage completed <<<<<<<<<<<<<<<<]
[2025-05-20 22:37:49,865]: INFO: main: >>>>>>>>>>>>>>>>>> stage Model Evaluation Stage started <<<<<<<<<<<<<<<<]
[2025-05-20 22:37:49,865]: INFO: common: yaml file: config\config.yaml loaded successfully]
[2025-05-20 22:37:49,865]: INFO: common: yaml file: params.yaml loaded successfully]
[2025-05-20 22:37:49,873]: INFO: common: yaml file: schema.yaml loaded successfully]
[2025-05-20 22:37:49,873]: INFO: common: created directory at: ./artifacts]
[2025-05-20 22:37:49,873]: INFO: common: created directory at: artifacts/model_evaluation]
[2025-05-20 22:37:50,830]: INFO: common: json file saved at: artifacts\model_evaluation\metrics.json]
[2025-05-20 22:37:57,101]: INFO: main: >>>>>>>>>>>>>>>>>> stage Model Evaluation Stage completed <<<<<<<<<<<<<<<<]
[2025-06-04 18:27:06,078]: INFO: __init__: Logging setup complete.]
[2025-06-04 18:27:27,145]: INFO: main: >>>>>>>>>>>>>>>>>> stage Data Ingestion Stage started <<<<<<<<<<<<<<<<]
[2025-06-04 18:27:27,151]: INFO: common: yaml file: config\config.yaml loaded successfully]
[2025-06-04 18:27:27,151]: INFO: common: yaml file: params.yaml loaded successfully]
[2025-06-04 18:27:27,151]: INFO: common: yaml file: schema.yaml loaded successfully]
[2025-06-04 18:27:27,151]: INFO: common: created directory at: ./artifacts]
[2025-06-04 18:27:27,151]: INFO: common: created directory at: ./artifacts/data_ingestion]
[2025-06-04 18:27:27,913]: INFO: data_ingestion: artifacts\data_ingestion\winequality-red.zip download! with following info: Connection: close
Content-Length: 23329
Cache-Control: max-age=300
Content-Security-Policy: default-src 'none'; style-src 'unsafe-inline'; sandbox
Content-Type: application/zip
ETag: "b92befccee872c4886a7387385b914c9a2652ab5bd49787562ef6946c157a90c"
Strict-Transport-Security: max-age=31536000
X-Content-Type-Options: nosniff
X-Frame-Options: deny
X-XSS-Protection: 1; mode=block
X-GitHub-Request-Id: FB12:2388F8:35844:61241:684042B8
Accept-Ranges: bytes
Date: Wed, 04 Jun 2025 12:57:29 GMT
Via: 1.1 varnish
X-Served-By: cache-hyd1100026-HYD
X-Cache: MISS
X-Cache-Hits: 0
X-Timer: S1749041849.895623,VS0,VE323
Vary: Authorization,Accept-Encoding
Access-Control-Allow-Origin: *
Cross-Origin-Resource-Policy: cross-origin
X-Fastly-Request-ID: b4cde64d9e9f125fab8e700cc47ae7c07e3fead4
Expires: Wed, 04 Jun 2025 13:02:29 GMT
Source-Age: 0

]
[2025-06-04 18:27:27,917]: INFO: data_ingestion: Extracted all the files in artifacts\data_ingestion]
[2025-06-04 18:27:27,919]: INFO: main: >>>>>>>>>>>>>>>>>> stage Data Ingestion Stage completed <<<<<<<<<<<<<<<<]
[2025-06-04 18:27:27,920]: INFO: main: >>>>>>>>>>>>>>>>>> stage Data Validation Stage started <<<<<<<<<<<<<<<<]
[2025-06-04 18:27:27,922]: INFO: common: yaml file: config\config.yaml loaded successfully]
[2025-06-04 18:27:27,922]: INFO: common: yaml file: params.yaml loaded successfully]
[2025-06-04 18:27:27,926]: INFO: common: yaml file: schema.yaml loaded successfully]
[2025-06-04 18:27:27,927]: INFO: common: created directory at: ./artifacts]
[2025-06-04 18:27:27,927]: INFO: common: created directory at: artifacts/data_validation]
[2025-06-04 18:27:27,927]: INFO: data_validation: Validating all columns in the dataset]
[2025-06-04 18:27:27,937]: INFO: main: >>>>>>>>>>>>>>>>>> stage Data Validation Stage completed <<<<<<<<<<<<<<<<]
[2025-06-04 18:27:27,937]: INFO: main: >>>>>>>>>>>>>>>>>> stage Data Transformation Stage started <<<<<<<<<<<<<<<<]
[2025-06-04 18:27:27,941]: INFO: common: yaml file: config\config.yaml loaded successfully]
[2025-06-04 18:27:27,942]: INFO: common: yaml file: params.yaml loaded successfully]
[2025-06-04 18:27:27,942]: INFO: common: yaml file: schema.yaml loaded successfully]
[2025-06-04 18:27:27,942]: INFO: common: created directory at: ./artifacts]
[2025-06-04 18:27:27,942]: INFO: common: created directory at: artifacts/data_transformation]
[2025-06-04 18:27:27,972]: INFO: data_transformation: Splitted data into training and test sets]
[2025-06-04 18:27:27,972]: INFO: data_transformation: (1199, 12)]
[2025-06-04 18:27:27,976]: INFO: data_transformation: (400, 12)]
[2025-06-04 18:27:27,976]: INFO: main: >>>>>>>>>>>>>>>>>> stage Data Transformation Stage completed <<<<<<<<<<<<<<<<]
[2025-06-04 18:27:27,976]: INFO: main: >>>>>>>>>>>>>>>>>> stage Model Training Stage started <<<<<<<<<<<<<<<<]
[2025-06-04 18:27:27,980]: INFO: common: yaml file: config\config.yaml loaded successfully]
[2025-06-04 18:27:27,980]: INFO: common: yaml file: params.yaml loaded successfully]
[2025-06-04 18:27:27,983]: INFO: common: yaml file: schema.yaml loaded successfully]
[2025-06-04 18:27:27,984]: INFO: common: created directory at: ./artifacts]
[2025-06-04 18:27:27,985]: INFO: common: created directory at: artifacts/model_trainer]
[2025-06-04 18:27:28,000]: INFO: main: >>>>>>>>>>>>>>>>>> stage Model Training Stage completed <<<<<<<<<<<<<<<<]
[2025-06-04 18:27:28,001]: INFO: main: >>>>>>>>>>>>>>>>>> stage Model Evaluation Stage started <<<<<<<<<<<<<<<<]
[2025-06-04 18:27:28,004]: INFO: common: yaml file: config\config.yaml loaded successfully]
[2025-06-04 18:27:28,005]: INFO: common: yaml file: params.yaml loaded successfully]
[2025-06-04 18:27:28,008]: INFO: common: yaml file: schema.yaml loaded successfully]
[2025-06-04 18:27:28,008]: INFO: common: created directory at: ./artifacts]
[2025-06-04 18:27:28,008]: INFO: common: created directory at: artifacts/model_evaluation]
[2025-06-04 18:27:29,136]: INFO: common: json file saved at: artifacts\model_evaluation\metrics.json]
[2025-06-04 18:27:35,093]: INFO: main: >>>>>>>>>>>>>>>>>> stage Model Evaluation Stage completed <<<<<<<<<<<<<<<<]
